<?xml version="1.0" encoding="UTF-8"?>
<testng-results skipped="0" failed="0" ignored="0" total="1" passed="1">
  <reporter-output>
    <line>
      <![CDATA[STEP1]]>
    </line>
    <line>
      <![CDATA[STEP2]]>
    </line>
    <line>
      <![CDATA[STEP3]]>
    </line>
    <line>
      <![CDATA[STEP4]]>
    </line>
  </reporter-output>
  <suite name="Test" duration-ms="28441" started-at="2020-06-21T17:48:19Z" finished-at="2020-06-21T17:48:47Z">
    <groups>
    </groups>
    <test name="FBTEst" duration-ms="28441" started-at="2020-06-21T17:48:19Z" finished-at="2020-06-21T17:48:47Z">
      <class name="Tests.TestFile">
        <test-method status="PASS" signature="setup()[pri:0, instance:Tests.TestFile@4e04a765]" name="setup" is-config="true" duration-ms="416" started-at="2020-06-21T23:18:19Z" finished-at="2020-06-21T23:18:19Z">
          <reporter-output>
          </reporter-output>
        </test-method> <!-- setup -->
        <test-method status="PASS" signature="loadlog4j()[pri:0, instance:Tests.TestFile@4e04a765]" name="loadlog4j" is-config="true" duration-ms="37" started-at="2020-06-21T23:18:19Z" finished-at="2020-06-21T23:18:19Z">
          <reporter-output>
          </reporter-output>
        </test-method> <!-- loadlog4j -->
        <test-method status="PASS" signature="start(java.lang.String)[pri:0, instance:Tests.TestFile@4e04a765]" name="start" is-config="true" duration-ms="4729" started-at="2020-06-21T23:18:19Z" finished-at="2020-06-21T23:18:24Z">
          <params>
            <param index="0">
              <value>
                <![CDATA[chrome]]>
              </value>
            </param>
          </params>
          <reporter-output>
          </reporter-output>
        </test-method> <!-- start -->
        <test-method status="PASS" signature="FBTest()[pri:0, instance:Tests.TestFile@4e04a765]" name="FBTest" duration-ms="20807" started-at="2020-06-21T23:18:24Z" finished-at="2020-06-21T23:18:45Z">
          <reporter-output>
            <line>
              <![CDATA[STEP1]]>
            </line>
            <line>
              <![CDATA[STEP2]]>
            </line>
            <line>
              <![CDATA[STEP3]]>
            </line>
            <line>
              <![CDATA[STEP4]]>
            </line>
          </reporter-output>
        </test-method> <!-- FBTest -->
        <test-method status="PASS" signature="tearDownMethod(org.testng.ITestResult)[pri:0, instance:Tests.TestFile@4e04a765]" name="tearDownMethod" is-config="true" duration-ms="1924" started-at="2020-06-21T23:18:45Z" finished-at="2020-06-21T23:18:47Z">
          <params>
            <param index="0">
              <value>
                <![CDATA[[TestResult name=FBTest status=SUCCESS method=TestFile.FBTest()[pri:0, instance:Tests.TestFile@4e04a765] output=STEP1]]]>
              </value>
            </param>
          </params>
          <reporter-output>
          </reporter-output>
        </test-method> <!-- tearDownMethod -->
        <test-method status="PASS" signature="teardown()[pri:0, instance:Tests.TestFile@4e04a765]" name="teardown" is-config="true" duration-ms="903" started-at="2020-06-21T23:18:47Z" finished-at="2020-06-21T23:18:47Z">
          <reporter-output>
          </reporter-output>
        </test-method> <!-- teardown -->
      </class> <!-- Tests.TestFile -->
    </test> <!-- FBTEst -->
  </suite> <!-- Test -->
</testng-results>
